[ Feb 05 2013 12:37:44 ] [/var/www/html/ezpublish5/ezpublish_legacy/lib/ezutils/classes/../../../var/cache/ini/site-c1623af31c16fc3ffee5a05097e95dd6.php]
[ Feb 05 2013 12:37:44 ] [/var/www/html/ezpublish5/ezpublish_legacy/lib/ezutils/classes/../../../var/cache/ini/module-216c07934a055d1e40e1dbd133249844.php]
[ Feb 05 2013 12:37:44 ] [/var/www/html/ezpublish5/ezpublish_legacy/lib/ezutils/classes/../../../var/cache/ini/site-b21adb07b78bf6af8cf743022ea72e15.php]
[ Feb 05 2013 12:37:44 ] [/var/www/html/ezpublish5/ezpublish_legacy/lib/ezutils/classes/../../../var/cache/ini/site-3f3a1af30e380e1ab39e405842b30665.php]
[ Feb 05 2013 12:37:44 ] [/var/www/html/ezpublish5/ezpublish_legacy/lib/ezutils/classes/../../../var/cache/ini/site-6ac0634fb5e1e33d9918348d669a90a8.php]
[ Feb 05 2013 12:37:44 ] [/var/www/html/ezpublish5/ezpublish_legacy/lib/ezutils/classes/../../../var/cache/ini/site-830bbaa0cd2790d9780d76b9de0afc6f.php]
[ Feb 05 2013 12:37:44 ] [/var/www/html/ezpublish5/ezpublish_legacy/lib/ezutils/classes/../../../var/cache/ini/image-890a19ff2624294516cd6b65407d97d3.php]
[ Feb 05 2013 12:37:44 ] [/var/www/html/ezpublish5/ezpublish_legacy/lib/ezutils/classes/../../../var/cache/ini/image-35a8972d1d0efcc8c11bed57a4373607.php]
[ Feb 05 2013 12:37:44 ] [/var/www/html/ezpublish5/ezpublish_legacy/lib/ezutils/classes/../../../var/cache/ini/image-10441bbc0998080b957c952da8d8d29e.php]
[ Feb 05 2013 12:37:44 ] [/var/www/html/ezpublish5/ezpublish_legacy/lib/ezutils/classes/../../../var/cache/ini/image-d1d42c96375a81a19f779ded67a393ba.php]
[ Feb 05 2013 12:47:16 ] [/var/www/html/ezpublish5/ezpublish_legacy/lib/ezutils/classes/../../../var/cache/ini/i18n-678d2accc237fa9079b9b3abc491748f.php]
[ Feb 05 2013 12:47:16 ] [/var/www/html/ezpublish5/ezpublish_legacy/lib/ezutils/classes/../../../var/cache/ini/i18n-f7061ade0fe840d15a8c81f654b48eb1.php]
[ Feb 05 2013 12:47:16 ] [/var/www/html/ezpublish5/ezpublish_legacy/lib/ezutils/classes/../../../var/cache/ini/file-33c0d0b2750379ea6bbc0a7c3b47cab4.php]
[ Feb 05 2013 12:47:16 ] [/var/www/html/ezpublish5/ezpublish_legacy/lib/ezutils/classes/../../../var/cache/ini/debug-30b58d57277a91a861853a35747eb10e.php]
[ Feb 05 2013 12:47:16 ] [/var/www/html/ezpublish5/ezpublish_legacy/lib/ezutils/classes/../../../var/cache/ini/texttoimage-d7fc1f254d884f65a0bc63bb1433c88f.php]
[ Feb 05 2013 12:47:16 ] [/var/www/html/ezpublish5/ezpublish_legacy/lib/ezutils/classes/../../../var/cache/ini/file-17dd73e69a3466a08c4434d36431ff1c.php]
[ Feb 05 2013 12:47:16 ] [/var/www/html/ezpublish5/ezpublish_legacy/lib/ezutils/classes/../../../var/cache/ini/debug-e3ac6e9ab69cab989c893c39819fcd29.php]
[ Feb 05 2013 12:47:16 ] [/var/www/html/ezpublish5/ezpublish_legacy/lib/ezutils/classes/../../../var/cache/ini/content-cf599c8f3de96e32174364f8b1d75995.php]
[ Feb 05 2013 12:47:16 ] [/var/www/html/ezpublish5/ezpublish_legacy/lib/ezutils/classes/../../../var/cache/ini/image-35a8972d1d0efcc8c11bed57a4373607.php]
[ Feb 05 2013 12:47:28 ] [/var/www/html/ezpublish5/ezpublish_legacy/lib/ezutils/classes/../../../var/cache/ini/site-c1623af31c16fc3ffee5a05097e95dd6.php]
[ Feb 05 2013 12:47:28 ] [/var/www/html/ezpublish5/ezpublish_legacy/lib/ezutils/classes/../../../var/cache/ini/i18n-678d2accc237fa9079b9b3abc491748f.php]
[ Feb 05 2013 12:47:28 ] [/var/www/html/ezpublish5/ezpublish_legacy/lib/ezutils/classes/../../../var/cache/ini/i18n-f7061ade0fe840d15a8c81f654b48eb1.php]
[ Feb 05 2013 12:47:28 ] [/var/www/html/ezpublish5/ezpublish_legacy/lib/ezutils/classes/../../../var/cache/ini/file-33c0d0b2750379ea6bbc0a7c3b47cab4.php]
[ Feb 05 2013 12:47:28 ] [/var/www/html/ezpublish5/ezpublish_legacy/lib/ezutils/classes/../../../var/cache/ini/debug-30b58d57277a91a861853a35747eb10e.php]
[ Feb 05 2013 12:47:28 ] [var/cache//active_extensions_0e73a23df4096f7af12df666bd85f952.php]
[ Feb 05 2013 12:47:28 ] [/var/www/html/ezpublish5/ezpublish_legacy/lib/ezutils/classes/../../../var/cache/ini/site-b21adb07b78bf6af8cf743022ea72e15.php]
[ Feb 05 2013 12:47:28 ] [/var/www/html/ezpublish5/ezpublish_legacy/lib/ezutils/classes/../../../var/cache/ini/site-3f3a1af30e380e1ab39e405842b30665.php]
[ Feb 05 2013 12:47:28 ] [/var/www/html/ezpublish5/ezpublish_legacy/lib/ezutils/classes/../../../var/cache/ini/template-e3097e0171e55a661b90bef4dd6147d3.php]
[ Feb 05 2013 12:47:28 ] [/var/www/html/ezpublish5/ezpublish_legacy/lib/ezutils/classes/../../../var/cache/ini/module-2a66b3a32c8ca22deff40d21d417c892.php]
[ Feb 05 2013 12:47:28 ] [/var/www/html/ezpublish5/ezpublish_legacy/lib/ezutils/classes/../../../var/cache/ini/debug-e3ac6e9ab69cab989c893c39819fcd29.php]
[ Feb 05 2013 12:47:28 ] [/var/www/html/ezpublish5/ezpublish_legacy/lib/ezutils/classes/../../../var/cache/ini/eng-GB-b7245ecb8d894bd16995d39d71281c31.php]
[ Feb 05 2013 12:47:28 ] [/var/www/html/ezpublish5/ezpublish_legacy/lib/ezutils/classes/../../../var/cache/ini/file-17dd73e69a3466a08c4434d36431ff1c.php]
[ Feb 05 2013 12:47:28 ] [var/ezdemo_site/cache/statelimitations_6a7938fb93e50efcd5a4e6b5fb5872e5.php]
[ Feb 05 2013 12:47:28 ] [/var/www/html/ezpublish5/ezpublish_legacy/lib/ezutils/classes/../../../var/cache/ini/workflow-8a6fbf7e33c1ac41260bda0c17a91c36.php]
[ Feb 05 2013 12:47:28 ] [/var/www/html/ezpublish5/ezpublish_legacy/lib/ezutils/classes/../../../var/cache/ini/override-992cd5e77fb02addcfcf1f022472be06.php]
[ Feb 05 2013 12:47:28 ] [/var/www/html/ezpublish5/ezpublish_legacy/lib/ezutils/classes/../../../var/cache/ini/design-40d21234f03462242372a7c8b2471ba4.php]
[ Feb 05 2013 12:47:28 ] [var/ezdemo_site/cache/override/override_e3fb0bf214bfa6bfb01cefbb60b8e637.php]
[ Feb 05 2013 12:47:28 ] [var/ezdemo_site/cache/template/compiled/common.php]
[ Feb 05 2013 12:47:28 ] [var/ezdemo_site/cache/template/compiled/landing_page-f10e7b45f9e05b8b7230f0c6131c447f.php]
[ Feb 05 2013 12:47:28 ] [var/ezdemo_site/cache/template/compiled/ezpage-4369911ea61c0ff81ba546a07a2f3385.php]
[ Feb 05 2013 12:47:28 ] [/var/www/html/ezpublish5/ezpublish_legacy/lib/ezutils/classes/../../../var/cache/ini/zone-cb9f25ec549037f368df843c9a944e1f.php]
[ Feb 05 2013 12:47:28 ] [var/ezdemo_site/cache/template/compiled/2zoneslayout1-dc854a0bf70fbc6e0ea7e394efbff064.php]
[ Feb 05 2013 12:47:28 ] [var/ezdemo_site/cache/template/compiled/zone_block-da84c12e4a7c5295d3f0aa6ed25b309b.php]
[ Feb 05 2013 12:47:28 ] [var/ezdemo_site/cache/template/compiled/zone_block_top-35caac2074716f859d26a87dd9594f76.php]
[ Feb 05 2013 12:47:28 ] [/var/www/html/ezpublish5/ezpublish_legacy/lib/ezutils/classes/../../../var/cache/ini/block-c4814032755420422e6c298cad84149a.php]
[ Feb 05 2013 12:47:28 ] [var/ezdemo_site/cache/template/compiled/campaign-eccc4c3b506f0026337dcbac347b04e5.php]
[ Feb 05 2013 12:47:28 ] [var/ezdemo_site/cache/template/compiled/article-59859c683fc58dd4a6e88c3ca5545971.php]
[ Feb 05 2013 12:47:28 ] [/var/www/html/ezpublish5/ezpublish_legacy/lib/ezutils/classes/../../../var/cache/ini/image-9115fa5ba2a9b02865782f4cff7e4ce5.php]
[ Feb 05 2013 12:47:28 ] [/var/www/html/ezpublish5/ezpublish_legacy/lib/ezutils/classes/../../../var/cache/ini/mime-6a04e2237371e5228bf74112ecfa6785.php]
[ Feb 05 2013 12:47:28 ] [/var/www/html/ezpublish5/ezpublish_legacy/lib/ezutils/classes/../../../var/cache/ini/site-830bbaa0cd2790d9780d76b9de0afc6f.php]
[ Feb 05 2013 12:47:28 ] [/var/www/html/ezpublish5/ezpublish_legacy/lib/ezutils/classes/../../../var/cache/ini/template-e4c949ab1ff76b87dbabe6ae28dba50d.php]
[ Feb 05 2013 12:47:28 ] [/var/www/html/ezpublish5/ezpublish_legacy/lib/ezutils/classes/../../../var/cache/ini/module-7898a0b05798aab89b2c8a3c48a8a199.php]
[ Feb 05 2013 12:47:28 ] [/var/www/html/ezpublish5/ezpublish_legacy/lib/ezutils/classes/../../../var/cache/ini/debug-7b6a02e70c9df8868ac22827b37796fe.php]
[ Feb 05 2013 12:47:28 ] [/var/www/html/ezpublish5/ezpublish_legacy/lib/ezutils/classes/../../../var/cache/ini/eng-GB-c779ed96f6fa237c11b172a7bdeee8ee.php]
[ Feb 05 2013 12:47:28 ] [/var/www/html/ezpublish5/ezpublish_legacy/lib/ezutils/classes/../../../var/cache/ini/override-4fbe60538eb9b8b611b0bfd20491bd7c.php]
[ Feb 05 2013 12:47:28 ] [/var/www/html/ezpublish5/ezpublish_legacy/lib/ezutils/classes/../../../var/cache/ini/design-50fd7c1c97139f98812405cfdbd082c1.php]
[ Feb 05 2013 12:47:28 ] [/var/www/html/ezpublish5/ezpublish_legacy/lib/ezutils/classes/../../../var/cache/ini/file-2fa810ec9feb1b29444a07e087a6574a.php]
[ Feb 05 2013 12:47:28 ] [var/ezdemo_site/cache/override/override_dff0164ce3d3cbadd3ffb2e19c83bf05.php]
[ Feb 05 2013 12:47:28 ] [var/ezdemo_site/cache/template/compiled/login-b873a36b2918b06c2bf54d8e1238bed8.php]
[ Feb 05 2013 12:47:28 ] [/var/www/html/ezpublish5/ezpublish_legacy/lib/ezutils/classes/../../../var/cache/ini/menu-446b071986cca8ff3ec940fb5afbbabb.php]
[ Feb 05 2013 12:47:28 ] [var/ezdemo_site/cache/template/compiled/loginpagelayout-e774f02941dd868605cf13caa01d5ca5.php]
[ Feb 05 2013 12:47:28 ] [var/ezdemo_site/cache/template/compiled/page_head-2064f07634523eb925ddba2cd13840c1.php]
[ Feb 05 2013 12:47:28 ] [var/ezdemo_site/cache/template/compiled/canonical_link-32eeb291e0827c1a9232598abc47d3be.php]
[ Feb 05 2013 12:47:28 ] [var/ezdemo_site/cache/template/compiled/link-41d0ac3083ae992f92807712d3c6bc8e.php]
[ Feb 05 2013 12:47:28 ] [var/ezdemo_site/cache/template/compiled/page_head_style-ec98a56aeabd5fcddf25c59f9d330129.php]
[ Feb 05 2013 12:47:28 ] [/var/www/html/ezpublish5/ezpublish_legacy/lib/ezutils/classes/../../../var/cache/ini/ezjscore-704cc3777586b6e5884ff21e87e47d66.php]
[ Feb 05 2013 12:47:28 ] [var/ezdemo_site/cache/template/compiled/page_head_style_inline-770d9e512b025b11a41be8928d631c97.php]
[ Feb 05 2013 12:47:28 ] [var/ezdemo_site/cache/template/compiled/page_head_script-d80b4e672be19f0ffbfeed019d15f17a.php]
[ Feb 05 2013 12:47:28 ] [var/ezdemo_site/cache/template/compiled/page_mainarea-1d024665d5d83026b8c325b32fa63f6e.php]
[ Feb 05 2013 12:47:28 ] [var/ezdemo_site/cache/template/compiled/page_login_copyright-7dabba9224c30af9e28ca90db818ad55.php]
[ Feb 05 2013 12:47:29 ] [/var/www/html/ezpublish5/ezpublish_legacy/lib/ezutils/classes/../../../var/cache/ini/ezxml-4632f8cbfad787ff022219d51df4d448.php]
[ Feb 05 2013 12:47:29 ] [var/ezdemo_site/cache/template/compiled/ezxmltext-3f6fb0e0ccf0e0cad359b6d102a17a88.php]
[ Feb 05 2013 12:47:29 ] [var/ezdemo_site/cache/template/compiled/paragraph-36f978e3701add855440ab7723385693.php]
[ Feb 05 2013 12:47:29 ] [var/ezdemo_site/cache/template/compiled/zone_block_bottom-6ec10338d1099475c534d50dfc486384.php]
[ Feb 05 2013 12:47:29 ] [var/ezdemo_site/cache/template/compiled/content_grid_2cols_2rows-bfcde6dc78e0e948ef9ce482f8a5e72e.php]
[ Feb 05 2013 12:47:29 ] [var/ezdemo_site/cache/template/compiled/article-7c908188e86f4f4ddfd756779e9b0651.php]
[ Feb 05 2013 12:47:29 ] [var/ezdemo_site/cache/classidentifiers_6a7938fb93e50efcd5a4e6b5fb5872e5.php]
[ Feb 05 2013 12:47:29 ] [var/ezdemo_site/cache/template/compiled/ezimage-3f84e035780cf1eba304bef7262f5f5f.php]
[ Feb 05 2013 12:47:30 ] [var/ezdemo_site/cache/template/compiled/link-3bafd176785e1b7ae637be109687cd36.php]
[ Feb 05 2013 12:47:30 ] [var/ezdemo_site/cache/template/compiled/gallery-0fa1b4397a7fcc8cea74198950901a80.php]
[ Feb 05 2013 12:47:30 ] [var/ezdemo_site/cache/template/compiled/gallery_viewer-c3bb489e9096f26fb4ae318139540f6f.php]
[ Feb 05 2013 12:47:30 ] [/var/www/html/ezpublish5/ezpublish_legacy/lib/ezutils/classes/../../../var/cache/ini/file-b1b315da574a6a79ae9c1227ca621e3f.php]
[ Feb 05 2013 12:47:30 ] [var/ezdemo_site/cache/template/compiled/gallery_item-4b0a7942c024b202da302e3327fe8ba0.php]
[ Feb 05 2013 12:47:31 ] [/var/www/html/ezpublish5/ezpublish_legacy/lib/ezutils/classes/../../../var/cache/ini/audit-5c18458554ca8724741e133dffede60a.php]
[ Feb 05 2013 12:47:31 ] [var/ezdemo_site/cache/statelimitations_6a7938fb93e50efcd5a4e6b5fb5872e5.php]
[ Feb 05 2013 12:47:31 ] [/var/www/html/ezpublish5/ezpublish_legacy/lib/ezutils/classes/../../../var/cache/ini/dashboard-a3e7bbb15eac490741d647e8af17a0cb.php]
[ Feb 05 2013 12:47:31 ] [/var/www/html/ezpublish5/ezpublish_legacy/lib/ezutils/classes/../../../var/cache/ini/design-e93b4a4ada700434e31c6ea6d9e0b9d3.php]
[ Feb 05 2013 12:47:31 ] [var/ezdemo_site/cache/template/compiled/dashboard-9282534a61a6f34e7dbab7a4254213e3.php]
[ Feb 05 2013 12:47:31 ] [var/ezdemo_site/cache/template/compiled/maintenance-05519a5295abca6e420e833fe7c9fdaf.php]
[ Feb 05 2013 12:47:31 ] [var/ezdemo_site/cache/template/compiled/pending_list-0f4b834b69e1c430ac9a706e1d3e683a.php]
[ Feb 05 2013 12:47:31 ] [var/ezdemo_site/cache/template/compiled/drafts-7748741a7198f36b941ad8a2a6ef0978.php]
[ Feb 05 2013 12:47:31 ] [/var/www/html/ezpublish5/ezpublish_legacy/lib/ezutils/classes/../../../var/cache/ini/content-cd06bc1bc37557a522fa9e90249cdf82.php]
[ Feb 05 2013 12:47:31 ] [var/ezdemo_site/cache/template/compiled/all_latest_content-e9c8017014e58ac02c03ce3bb38dd2df.php]
[ Feb 05 2013 12:47:31 ] [var/ezdemo_site/cache/template/compiled/latest_content-02eb18f553e5e244c73da8d8e650996e.php]
[ Feb 05 2013 12:47:31 ] [var/ezdemo_site/cache/template/compiled/community_activity-01360fb18bfc5e196b365485151fb9f4.php]
[ Feb 05 2013 12:47:31 ] [/var/www/html/ezpublish5/ezpublish_legacy/lib/ezutils/classes/../../../var/cache/ini/menu-f18d38551d3a3fe5c1eea0902fd0121a.php]
[ Feb 05 2013 12:47:31 ] [/var/www/html/ezpublish5/ezpublish_legacy/lib/ezutils/classes/../../../var/cache/ini/toolbar-5d6e52943f67df300a3904f3fcf0c993.php]
[ Feb 05 2013 12:47:31 ] [var/ezdemo_site/cache/template/compiled/pagelayout-c62ed3b33d92081e89af2b554d735437.php]
[ Feb 05 2013 12:47:31 ] [var/ezdemo_site/cache/template/compiled/page_head-162a3f09ae83c284b0d530e994276fa6.php]
[ Feb 05 2013 12:47:31 ] [var/ezdemo_site/cache/template/compiled/canonical_link-922b020d4f96a28f8c7abc01cde56de3.php]
[ Feb 05 2013 12:47:31 ] [var/ezdemo_site/cache/template/compiled/link-5f8e5eb723f4889f5748230c13bead5d.php]
[ Feb 05 2013 12:47:31 ] [var/ezdemo_site/cache/template/compiled/page_head_style-6f8c0a2006a934982935bd7a7cae8e5b.php]
[ Feb 05 2013 12:47:31 ] [/var/www/html/ezpublish5/ezpublish_legacy/lib/ezutils/classes/../../../var/cache/ini/ezjscore-47a8240921294ffa9ae6c92a7d7c848d.php]
[ Feb 05 2013 12:47:31 ] [var/ezdemo_site/cache/template/compiled/page_head_style_inline-4c2378ef11875cf6e4c07d756db45e73.php]
[ Feb 05 2013 12:47:31 ] [var/ezdemo_site/cache/template/compiled/page_head_script-c2a149ca4e13fc2bffeebe1a5e3d3c92.php]
[ Feb 05 2013 12:47:31 ] [var/ezdemo_site/cache/template/compiled/page_header-cebc144a92b029ddbd3ec9bd3ca36e02.php]
[ Feb 05 2013 12:47:31 ] [var/ezdemo_site/cache/template/compiled/page_search-8bfea33376ee9dd3be0bdc9f239c37b5.php]
[ Feb 05 2013 12:47:31 ] [var/ezdemo_site/cache/template/compiled/page_topmenu-bd9445fc6d44246ed1e9af8bf86cae2b.php]
[ Feb 05 2013 12:47:31 ] [var/ezdemo_site/cache/template/compiled/page_topmenuitem-94495f434d79881abd89d0ed0c321ed5.php]
[ Feb 05 2013 12:47:31 ] [var/ezdemo_site/cache/template/compiled/page_leftmenu-47aaf200a7a4db2c2faf06161f92da23.php]
[ Feb 05 2013 12:47:31 ] [var/ezdemo_site/cache/template/compiled/menu-f3c87a7654ec19253db96789ea8dd43f.php]
[ Feb 05 2013 12:47:31 ] [var/ezdemo_site/cache/template/compiled/ini_menu-df0a83ad744c937b6b2d1febe1a3cc66.php]
[ Feb 05 2013 12:47:31 ] [/var/www/html/ezpublish5/ezpublish_legacy/lib/ezutils/classes/../../../var/cache/ini/contentstructuremenu-34c0744e13e053f4e0f5f1e6b68c15a9.php]
[ Feb 05 2013 12:47:31 ] [var/ezdemo_site/cache/template/compiled/content_structure_menu_dynamic-12a504bb3a8be0f9a4741014673bc78a.php]
[ Feb 05 2013 12:47:31 ] [/var/www/html/ezpublish5/ezpublish_legacy/lib/ezutils/classes/../../../var/cache/ini/icon-571bd36884b713df2bda2d4622cbe6dc.php]
[ Feb 05 2013 12:47:32 ] [/var/www/html/ezpublish5/ezpublish_legacy/lib/ezutils/classes/../../../var/cache/ini/icon-3426075840782b569095fafb69ce724e.php]
[ Feb 05 2013 12:47:32 ] [var/ezdemo_site/cache/template/compiled/page_toppath-b677dfb21152fabf12e57c0d59b2e089.php]
[ Feb 05 2013 12:47:32 ] [var/ezdemo_site/cache/template/compiled/page_mainarea-fd7cb8797fd48ec46ea9d96e4fade6d5.php]
[ Feb 05 2013 12:47:32 ] [var/ezdemo_site/cache/template/compiled/page_copyright-9be0e84e818d37ce6cb3cffb9189e9bb.php]
[ Feb 05 2013 12:47:32 ] [/var/www/html/ezpublish5/ezpublish_legacy/lib/ezutils/classes/../../../var/cache/ini/admininterface-4c7a1750fc69cca3da663bcb58966d13.php]
[ Feb 05 2013 12:47:32 ] [var/ezdemo_site/cache/template/compiled/popup_menu-985d9010007b2b4dc7272c07c3f9e61f.php]
[ Feb 05 2013 12:47:32 ] [var/ezdemo_site/cache/template/compiled/popup_context_menu-5bead98c213f0747a5e91831485d0263.php]
[ Feb 05 2013 12:47:32 ] [var/ezdemo_site/cache/template/compiled/oocontextmenu-2355283a21ffd21daae63d6099658e07.php]
[ Feb 05 2013 12:47:32 ] [var/ezdemo_site/cache/template/compiled/ezflcontextmenu-0c467deac6ed5e75d47606b1acdba649.php]
[ Feb 05 2013 12:47:32 ] [var/ezdemo_site/cache/template/compiled/ezmucontextmenu-e965f21247aad97e60205b11647c1ca2.php]
[ Feb 05 2013 12:47:32 ] [var/ezdemo_site/cache/template/compiled/popup_subitems_menu-f66f7fc936597de23c04ff0408a59c89.php]
[ Feb 05 2013 12:47:32 ] [var/ezdemo_site/cache/template/compiled/oosubitemscontextmenu-052935b23b1c02281091771a96cad8e3.php]
[ Feb 05 2013 12:47:32 ] [var/ezdemo_site/cache/template/compiled/ezflsubitemscontextmenu-f1be9719561b575a33b89611de8b0d93.php]
[ Feb 05 2013 12:47:32 ] [var/ezdemo_site/cache/template/compiled/ezmusubitemscontextmenu-eebe9d6a58a7e1113ccc12f80d321623.php]
[ Feb 05 2013 12:47:32 ] [var/ezdemo_site/cache/template/compiled/popup_class_menu-9b8d5bbbf44d361b9ee3c14e36e5d154.php]
[ Feb 05 2013 12:47:32 ] [var/ezdemo_site/cache/template/compiled/popup_bookmark_menu-00d6a4ebce08000a0d56d606bbf562f0.php]
[ Feb 05 2013 12:47:32 ] [var/ezdemo_site/cache/template/compiled/oocontextsubmenu-34ce86a3b6558d03ec937b2cf4a80845.php]
[ Feb 05 2013 12:47:32 ] [var/ezdemo_site/cache/template/compiled/ezflcontextsubmenu-165ba95d8e00698f52b50011579d5785.php]
[ Feb 05 2013 12:47:32 ] [var/ezdemo_site/cache/template/compiled/popup_tag_menu-b4791ef96df3ba7dd2bbc47b056ef3d3.php]
[ Feb 05 2013 12:47:32 ] [var/ezdemo_site/cache/template/compiled/popup_sub_createhere_menu-a72c49d8f4ae439e98bc7ace47349911.php]
[ Feb 05 2013 12:47:32 ] [var/ezdemo_site/cache/template/compiled/popup_sub_edit_menu-c271fdb75767bb27fbaeafec01fc7056.php]
[ Feb 05 2013 12:47:32 ] [var/ezdemo_site/cache/template/compiled/popup_sub_advance_menu-b0b904d061c466954bd1a956d994a510.php]
[ Feb 05 2013 12:47:32 ] [var/ezdemo_site/cache/template/compiled/popup_sub_editclass_menu-4f0904c35be75506d76a86038b39081f.php]
[ Feb 05 2013 12:47:32 ] [var/ezdemo_site/cache/template/compiled/popup_sub_siteaccess_menus-e988644b35a6038654809c478cda800c.php]
[ Feb 05 2013 12:47:32 ] [/var/www/html/ezpublish5/ezpublish_legacy/lib/ezutils/classes/../../../var/cache/ini/template-c6ee29cf29032e5b4d98caef606d8fbd.php]
[ Feb 05 2013 12:47:34 ] [var/ezdemo_site/cache/template/compiled/highlighted_item-339fae3037130cf1c48a9296bed08b9d.php]
[ Feb 05 2013 12:47:35 ] [var/ezdemo_site/cache/template/compiled/content_grid_1col_2rows-7381a70a5c2fee919a5c812b48d961d9.php]
[ Feb 05 2013 12:47:35 ] [var/ezdemo_site/cache/template/compiled/product-5fa7afd4a915e30f68f79f7c84078906.php]
[ Feb 05 2013 12:47:35 ] [var/ezdemo_site/cache/template/compiled/feed_reader-fee2b62bfcc8212657184d25d464556c.php]
[ Feb 05 2013 12:47:36 ] [var/ezdemo_site/cache/template/compiled/video-5bab3c165005e533c68283690632c50e.php]
[ Feb 05 2013 12:47:36 ] [var/ezdemo_site/cache/template/compiled/tag_cloud-ab61837b3b121b219046875238344c72.php]
[ Feb 05 2013 12:47:36 ] [var/ezdemo_site/cache/template/compiled/tagcloud-43ced472daf405c6568340dff976d140.php]
[ Feb 05 2013 12:47:40 ] [/var/www/html/ezpublish5/ezpublish_legacy/lib/ezutils/classes/../../../var/cache/ini/workflow-0f912540ff8d2ff467aa9e5010d434f7.php]
[ Feb 05 2013 12:47:40 ] [var/ezdemo_site/cache/template/compiled/full-298ba4ed1216a0a3b462888179601164.php]
[ Feb 05 2013 12:47:40 ] [var/ezdemo_site/cache/template/compiled/infocollection_validation-6f41f80d4a4a365bc9d3c2984704b85a.php]
[ Feb 05 2013 12:47:40 ] [/var/www/html/ezpublish5/ezpublish_legacy/lib/ezutils/classes/../../../var/cache/ini/icon-7ab483d2dbdfc16880941d949da629ef.php]
[ Feb 05 2013 12:47:40 ] [var/ezdemo_site/cache/template/compiled/window_controls-3ff10b9e7738fc6c3534d5c40b0f2ce7.php]
[ Feb 05 2013 12:47:40 ] [var/ezdemo_site/cache/template/compiled/window_controls_extratabs-92c362f93b2b56e57cd8f38b7940df7c.php]
[ Feb 05 2013 12:47:40 ] [var/ezdemo_site/cache/template/compiled/windows-67bc86e3e4e28f7a06d6d7707383f321.php]
[ Feb 05 2013 12:47:40 ] [var/ezdemo_site/cache/template/compiled/preview-0727889369522016813719bce3eec033.php]
[ Feb 05 2013 12:47:40 ] [var/ezdemo_site/cache/template/compiled/admin_preview-769bd2fc3251db22cf9472188e7c05e5.php]
[ Feb 05 2013 12:47:40 ] [/var/www/html/ezpublish5/ezpublish_legacy/lib/ezutils/classes/../../../var/cache/ini/datatype-d34013be3518cb6e20cf5fc71d730158.php]
[ Feb 05 2013 12:47:40 ] [var/ezdemo_site/cache/template/compiled/ezstring-7b509c60af8d9469d16519e19588668f.php]
[ Feb 05 2013 12:47:40 ] [var/ezdemo_site/cache/template/compiled/ezpage-03ce7eb0d13c7a92a422982352417375.php]
[ Feb 05 2013 12:47:40 ] [/var/www/html/ezpublish5/ezpublish_legacy/lib/ezutils/classes/../../../var/cache/ini/zone-bdf22d9e94077ad9c491fba690257b4c.php]
[ Feb 05 2013 12:47:40 ] [var/ezdemo_site/cache/template/compiled/2zoneslayout1-6e43a9dcfff2faa23e7489117eade08e.php]
[ Feb 05 2013 12:47:40 ] [var/ezdemo_site/cache/template/compiled/zone_block-839ed1743f144e407e0d6cea4639a5dc.php]
[ Feb 05 2013 12:47:40 ] [var/ezdemo_site/cache/template/compiled/zone_block_top-d7a50f12400a3af821b85b27ffff7c83.php]
[ Feb 05 2013 12:47:40 ] [/var/www/html/ezpublish5/ezpublish_legacy/lib/ezutils/classes/../../../var/cache/ini/block-72c15beac81036a843dcce00eac26a63.php]
[ Feb 05 2013 12:47:40 ] [var/ezdemo_site/cache/template/compiled/view-a58d6ebd8c20c83c61f81336ed723b5f.php]
[ Feb 05 2013 12:47:40 ] [var/ezdemo_site/cache/template/compiled/zone_block_bottom-49360cb3dd09abb03c370cb0c220338e.php]
[ Feb 05 2013 12:47:40 ] [var/ezdemo_site/cache/template/compiled/details-dd77bed8053ad65196879a8e879abddc.php]
[ Feb 05 2013 12:47:40 ] [var/ezdemo_site/cache/template/compiled/translations-c37b5307db2fb616c75a129442dc7502.php]
[ Feb 05 2013 12:47:40 ] [var/ezdemo_site/cache/template/compiled/locations-7bb30a740006ec34994537fe4ef56577.php]
[ Feb 05 2013 12:47:40 ] [var/ezdemo_site/cache/template/compiled/relations-80050442f235606072eb7a8dfa7d2ecc.php]
[ Feb 05 2013 12:47:40 ] [var/ezdemo_site/cache/template/compiled/google-8fbe39e95f86b57c9e2bf9eeed6a7e72.php]
[ Feb 05 2013 12:47:40 ] [var/ezdemo_site/cache/template/compiled/ordering-3875c6aaff2411645a8fe26add5b6062.php]
[ Feb 05 2013 12:47:40 ] [var/ezdemo_site/cache/template/compiled/windows_extratabs-be1cb66e894fbc18a14aed9eb6cf6132.php]
[ Feb 05 2013 12:47:40 ] [var/ezdemo_site/cache/template/compiled/children-cdf3560ae91ce2ead51806a74b66ad91.php]
[ Feb 05 2013 12:47:40 ] [var/ezdemo_site/cache/template/compiled/children_detailed-9f1bf684dda25b0774fa0dc02f481c10.php]
[ Feb 05 2013 12:47:40 ] [var/ezdemo_site/cache/template/compiled/alphabetical-5dbc6f40e507335aa8252f053203b551.php]
[ Feb 05 2013 12:47:41 ] [var/ezdemo_site/cache/template/compiled/menu-60c7d0441551b234692a4cd148b73da3.php]
[ Feb 05 2013 12:47:42 ] [/var/www/html/ezpublish5/ezpublish_legacy/lib/ezutils/classes/../../../var/cache/ini/image-d1d42c96375a81a19f779ded67a393ba.php]
[ Feb 05 2013 12:54:03 ] [/var/www/html/ezpublish5/ezpublish_legacy/lib/ezutils/classes/../../../var/cache/ini/texttoimage-ec58427d77c802032d0cb5fb8b54cb8a.php]
[ Feb 05 2013 12:54:03 ] [var/ezdemo_site/cache/template/compiled/cache-ed3f0340afe16ecff0b5e48555cd1a37.php]
[ Feb 05 2013 12:54:03 ] [var/ezdemo_site/cache/template/compiled/menu-d1d8957d6ec836690090a64f4390e36a.php]
[ Feb 05 2013 12:54:06 ] [var/ezdemo_site/cache/template/compiled/list-18a094f812d5f3bc283963d3f2fdd0ba.php]
[ Feb 05 2013 12:54:06 ] [/var/www/html/ezpublish5/ezpublish_legacy/lib/ezutils/classes/../../../var/cache/ini/package-fc8c53c3664320acf263f0a2b78111dd.php]
[ Feb 05 2013 12:54:14 ] [var/ezdemo_site/cache/template/compiled/upload-2f6dcd09eb3ac824a414ef59e13fee20.php]
[ Feb 05 2013 12:55:34 ] [/var/www/html/ezpublish5/ezpublish_legacy/lib/ezutils/classes/../../../var/cache/ini/mime-e6d93d75f7cf98991713a238cb8eb3fc.php]
[ Feb 05 2013 12:55:34 ] [/var/www/html/ezpublish5/ezpublish_legacy/lib/ezutils/classes/../../../var/cache/ini/transform-27b1a8542d3132d2b987df0dae5b7ffe.php]
[ Feb 05 2013 12:55:34 ] [var/ezdemo_site/cache/codepages/36e48c5d322c489dd3ee4e51ffda1494.php]
[ Feb 05 2013 12:55:34 ] [var/ezdemo_site/cache/trans/g-identifier-2166825758-utf-8.ctt.php]
[ Feb 05 2013 12:55:34 ] [var/storage/packages/local/group/.cache/package.php]
[ Feb 05 2013 12:55:34 ] [var/ezdemo_site/cache/template/compiled/install-31a98055faa56e68decae5ee69211d1f.php]
[ Feb 05 2013 12:55:42 ] [var/ezdemo_site/cache/template/compiled/install_error-3a2f1ad0af06aa51945abb1d9b9bf61c.php]
[ Feb 05 2013 12:55:53 ] [var/ezdemo_site/cache/template/compiled/site_access-40758562b1569823440cef49473b08fa.php]
[ Feb 05 2013 12:55:53 ] [var/ezdemo_site/cache/template/compiled/error-7725b2b5c4db9b2be84fa3440bcc38fe.php]
[ Feb 05 2013 12:55:53 ] [var/ezdemo_site/cache/template/compiled/install_header-50e0567d42f8d2075727c5973d40a2ab.php]
[ Feb 05 2013 12:55:53 ] [var/ezdemo_site/cache/template/compiled/navigator-0b886e09a82e66acf065ac96dc3b19d9.php]
[ Feb 05 2013 12:56:09 ] [var/ezdemo_site/cache/template/compiled/top_nodes-e0714ae46df8172e465d46dfd8247f44.php]
[ Feb 05 2013 12:56:12 ] [var/ezdemo_site/cache/template/compiled/advanced_options-ca3412a5756312aa5670f69f9c023459.php]
[ Feb 05 2013 12:56:15 ] [/var/www/html/ezpublish5/ezpublish_legacy/lib/ezutils/classes/../../../var/cache/ini/esl-ES-6e149bab5012bd3967a71af30ee7f56f.php]
[ Feb 05 2013 12:56:15 ] [var/ezdemo_site/cache/trans/g-lowercase-635518252-utf-8.ctt.php]
[ Feb 05 2013 12:56:15 ] [var/ezdemo_site/cache/classattributeidentifiers_6a7938fb93e50efcd5a4e6b5fb5872e5.php]
[ Feb 05 2013 12:56:15 ] [var/ezdemo_site/cache/trans/g-urlalias-1350215278-utf-8.ctt.php]
[ Feb 05 2013 12:56:15 ] [var/ezdemo_site/cache/trans/g-urlalias_compat-289587731-utf-8.ctt.php]
[ Feb 05 2013 12:56:16 ] [/var/www/html/ezpublish5/ezpublish_legacy/lib/ezutils/classes/../../../var/cache/ini/ezflow-2f48192ca965a54d840d957747eb25dc.php]
[ Feb 05 2013 12:56:16 ] [/var/www/html/ezpublish5/ezpublish_legacy/lib/ezutils/classes/../../../var/cache/ini/http-379320dfedb468a5dd554524a6e58f32.php]
[ Feb 05 2013 12:56:16 ] [/var/www/html/ezpublish5/ezpublish_legacy/lib/ezutils/classes/../../../var/cache/ini/squid-5c9b7665571f31e490c2c610556cd23e.php]
[ Feb 05 2013 12:56:16 ] [/var/www/html/ezpublish5/ezpublish_legacy/lib/ezutils/classes/../../../var/cache/ini/viewcache-3fc5422ab0b093f6cc63d4c791e0a3b7.php]
[ Feb 05 2013 12:56:16 ] [var/ezdemo_site/cache/trans/g-search-1924056142-utf-8.ctt.php]
[ Feb 05 2013 12:56:16 ] [/var/www/html/ezpublish5/ezpublish_legacy/lib/ezutils/classes/../../../var/cache/ini/notification-c7beec9ef5ce7660dc97c6c97969f001.php]
[ Feb 05 2013 12:56:16 ] [/var/www/html/ezpublish5/ezpublish_legacy/lib/ezutils/classes/../../../var/cache/ini/ezxml-aa1cc457b65195868bf8df32ee4e6df2.php]
[ Feb 05 2013 12:56:16 ] [/var/www/html/ezpublish5/ezpublish_legacy/lib/ezutils/classes/../../../var/cache/ini/browse-ee5ce255446eeeda4713ce0b495411b3.php]
[ Feb 05 2013 12:56:18 ] [var/ezdemo_site/cache/classidentifiers_6a7938fb93e50efcd5a4e6b5fb5872e5.php]
[ Feb 05 2013 12:56:40 ] [var/ezdemo_site/cache/template/compiled/full-12783d1749e22fd14804b97235f718b5.php]
[ Feb 05 2013 13:21:40 ] [/var/www/html/ezpublish5/ezpublish_legacy/lib/ezutils/classes/../../../var/cache/ini/site-c1623af31c16fc3ffee5a05097e95dd6.php]
[ Feb 05 2013 13:21:40 ] [/var/www/html/ezpublish5/ezpublish_legacy/lib/ezutils/classes/../../../var/cache/ini/i18n-678d2accc237fa9079b9b3abc491748f.php]
[ Feb 05 2013 13:21:40 ] [/var/www/html/ezpublish5/ezpublish_legacy/lib/ezutils/classes/../../../var/cache/ini/i18n-f7061ade0fe840d15a8c81f654b48eb1.php]
[ Feb 05 2013 13:21:40 ] [/var/www/html/ezpublish5/ezpublish_legacy/lib/ezutils/classes/../../../var/cache/ini/file-33c0d0b2750379ea6bbc0a7c3b47cab4.php]
[ Feb 05 2013 13:21:40 ] [/var/www/html/ezpublish5/ezpublish_legacy/lib/ezutils/classes/../../../var/cache/ini/debug-30b58d57277a91a861853a35747eb10e.php]
[ Feb 05 2013 13:21:40 ] [/var/www/html/ezpublish5/ezpublish_legacy/lib/ezutils/classes/../../../var/cache/ini/site-c0fcfad89826994fc1267c9ab2849fc8.php]
[ Feb 05 2013 13:21:40 ] [/var/www/html/ezpublish5/ezpublish_legacy/lib/ezutils/classes/../../../var/cache/ini/site-5cea78bc57177db2d1192ecfd7a01766.php]
[ Feb 05 2013 13:21:40 ] [/var/www/html/ezpublish5/ezpublish_legacy/lib/ezutils/classes/../../../var/cache/ini/template-eddec54544fb6069a4621c720fd3293a.php]
[ Feb 05 2013 13:21:40 ] [/var/www/html/ezpublish5/ezpublish_legacy/lib/ezutils/classes/../../../var/cache/ini/module-c242c10e85b6cc77bd5733d0162d5d9e.php]
[ Feb 05 2013 13:21:40 ] [/var/www/html/ezpublish5/ezpublish_legacy/lib/ezutils/classes/../../../var/cache/ini/debug-00745afbc8d2b986924abcd0a4bd3b92.php]
[ Feb 05 2013 13:21:40 ] [/var/www/html/ezpublish5/ezpublish_legacy/lib/ezutils/classes/../../../var/cache/ini/eng-GB-16b817e4159fe19727684d36c5e0fe95.php]
[ Feb 05 2013 13:21:40 ] [/var/www/html/ezpublish5/ezpublish_legacy/lib/ezutils/classes/../../../var/cache/ini/content-37f0cfb13a1d0a269897c775609ed141.php]
[ Feb 05 2013 13:21:40 ] [/var/www/html/ezpublish5/ezpublish_legacy/lib/ezutils/classes/../../../var/cache/ini/workflow-06314b2dcf8246406bbbdc56fc50f88d.php]
[ Feb 05 2013 13:21:40 ] [/var/www/html/ezpublish5/ezpublish_legacy/lib/ezutils/classes/../../../var/cache/ini/override-d66a75380219ffaab5a4cb57e4ed8a4c.php]
[ Feb 05 2013 13:21:40 ] [/var/www/html/ezpublish5/ezpublish_legacy/lib/ezutils/classes/../../../var/cache/ini/design-94be1cf8361135a2687f23a9ba90e7af.php]
[ Feb 05 2013 13:21:40 ] [var/ezdemo_site/cache/override/override_dac54118ca0b42ea8e86f3aa0b9d8122.php]
[ Feb 05 2013 13:21:40 ] [var/ezdemo_site/cache/template/compiled/landing_page-4640b196c5c26c184ab18d47a909885c.php]
[ Feb 05 2013 13:21:40 ] [var/ezdemo_site/cache/template/compiled/ezpage-21fd154de983bf9497ab41eda7c8d278.php]
[ Feb 05 2013 13:21:40 ] [/var/www/html/ezpublish5/ezpublish_legacy/lib/ezutils/classes/../../../var/cache/ini/zone-c4c45ac6f9bb31026e3176613cec8afd.php]
[ Feb 05 2013 13:21:40 ] [var/ezdemo_site/cache/template/compiled/2zoneslayout1-8bea84c77754b498048d70773dbb7d74.php]
[ Feb 05 2013 13:21:41 ] [var/ezdemo_site/cache/template/compiled/zone_block-f0fdfed34f6cda2eb0a3ecf45cae4102.php]
[ Feb 05 2013 13:21:41 ] [var/ezdemo_site/cache/template/compiled/zone_block_top-d468c135e61312a667f615dcafdf2b6e.php]
[ Feb 05 2013 13:21:41 ] [/var/www/html/ezpublish5/ezpublish_legacy/lib/ezutils/classes/../../../var/cache/ini/block-deae82df5a73521ecad3973b4ce71d7e.php]
[ Feb 05 2013 13:21:41 ] [var/ezdemo_site/cache/template/compiled/campaign-60da998696854552764d86d754c80d9a.php]
[ Feb 05 2013 13:21:41 ] [var/ezdemo_site/cache/template/compiled/article-9f23c9e882ffaca2cfa92b19b05fe9e6.php]
[ Feb 05 2013 13:21:41 ] [/var/www/html/ezpublish5/ezpublish_legacy/lib/ezutils/classes/../../../var/cache/ini/image-652feb2bd5651c59aeaaa70dccd6c4bc.php]
[ Feb 05 2013 13:21:41 ] [/var/www/html/ezpublish5/ezpublish_legacy/lib/ezutils/classes/../../../var/cache/ini/ezxml-23bcfc346a1fe65a584a61a0f72d2333.php]
[ Feb 05 2013 13:21:41 ] [var/ezdemo_site/cache/template/compiled/ezxmltext-a2f1d32b57a0d7eca72041d8158188e6.php]
[ Feb 05 2013 13:21:41 ] [var/ezdemo_site/cache/template/compiled/paragraph-bce62d704c09822a512ebbc56a2c8e7e.php]
[ Feb 05 2013 13:21:41 ] [var/ezdemo_site/cache/template/compiled/zone_block_bottom-cbea8115e58f373bfc76d3c8e09e6ce8.php]
[ Feb 05 2013 13:21:41 ] [var/ezdemo_site/cache/template/compiled/content_grid_2cols_2rows-66c225c8d6540cc70e82177ead1fb4ef.php]
[ Feb 05 2013 13:21:41 ] [var/ezdemo_site/cache/template/compiled/article-833406b43403f1917e6ce0d8d2a4ee01.php]
[ Feb 05 2013 13:21:41 ] [var/ezdemo_site/cache/template/compiled/ezimage-f9bcec4649fbb91b0703b12d80fa2ddc.php]
[ Feb 05 2013 13:21:41 ] [var/ezdemo_site/cache/template/compiled/link-bc772149e15c6af1645d82020ef497c8.php]
[ Feb 05 2013 13:21:41 ] [var/ezdemo_site/cache/template/compiled/gallery-a448cf828c486b3a10540801e7a47df5.php]
[ Feb 05 2013 13:21:41 ] [var/ezdemo_site/cache/template/compiled/gallery_viewer-e47724ff06d88580041f4701860f746c.php]
[ Feb 05 2013 13:21:41 ] [var/ezdemo_site/cache/template/compiled/gallery_item-912d8f3248348bfcd9fb39ad2761b4f1.php]
[ Feb 05 2013 13:21:41 ] [var/ezdemo_site/cache/template/compiled/highlighted_item-421ad1879dfb1bf136b40b7bc495e708.php]
[ Feb 05 2013 13:21:41 ] [var/ezdemo_site/cache/template/compiled/content_grid_1col_2rows-2e46f23106f1df2300f6fa20f2b1fea7.php]
[ Feb 05 2013 13:21:41 ] [var/ezdemo_site/cache/template/compiled/product-87925e81373fe6746edb2ea77ffecb61.php]
[ Feb 05 2013 13:21:41 ] [var/ezdemo_site/cache/template/compiled/feed_reader-ee6bfa99d8ff79003e4560d957adf557.php]
[ Feb 05 2013 13:21:42 ] [var/ezdemo_site/cache/template/compiled/video-14b1464f94f48a39ac2f02c57863cf57.php]
[ Feb 05 2013 13:21:42 ] [var/ezdemo_site/cache/template/compiled/tag_cloud-d70dc0567d15de34b2ed3a489c87bb68.php]
[ Feb 05 2013 13:21:42 ] [var/ezdemo_site/cache/template/compiled/tagcloud-8acb92b3246d57789dee3ccaccf0ee69.php]
[ Feb 05 2013 13:22:39 ] [/var/www/html/ezpublish5/ezpublish_legacy/lib/ezutils/classes/../../../var/cache/ini/site-c1623af31c16fc3ffee5a05097e95dd6.php]
[ Feb 05 2013 13:22:39 ] [/var/www/html/ezpublish5/ezpublish_legacy/lib/ezutils/classes/../../../var/cache/ini/i18n-678d2accc237fa9079b9b3abc491748f.php]
[ Feb 05 2013 13:22:39 ] [/var/www/html/ezpublish5/ezpublish_legacy/lib/ezutils/classes/../../../var/cache/ini/i18n-f7061ade0fe840d15a8c81f654b48eb1.php]
[ Feb 05 2013 13:22:39 ] [/var/www/html/ezpublish5/ezpublish_legacy/lib/ezutils/classes/../../../var/cache/ini/file-33c0d0b2750379ea6bbc0a7c3b47cab4.php]
[ Feb 05 2013 13:22:39 ] [/var/www/html/ezpublish5/ezpublish_legacy/lib/ezutils/classes/../../../var/cache/ini/debug-30b58d57277a91a861853a35747eb10e.php]
[ Feb 05 2013 13:22:39 ] [/var/www/html/ezpublish5/ezpublish_legacy/lib/ezutils/classes/../../../var/cache/ini/site-c0fcfad89826994fc1267c9ab2849fc8.php]
[ Feb 05 2013 13:22:39 ] [/var/www/html/ezpublish5/ezpublish_legacy/lib/ezutils/classes/../../../var/cache/ini/site-5cea78bc57177db2d1192ecfd7a01766.php]
[ Feb 05 2013 13:22:39 ] [/var/www/html/ezpublish5/ezpublish_legacy/lib/ezutils/classes/../../../var/cache/ini/template-eddec54544fb6069a4621c720fd3293a.php]
[ Feb 05 2013 13:22:39 ] [/var/www/html/ezpublish5/ezpublish_legacy/lib/ezutils/classes/../../../var/cache/ini/module-c242c10e85b6cc77bd5733d0162d5d9e.php]
[ Feb 05 2013 13:22:39 ] [/var/www/html/ezpublish5/ezpublish_legacy/lib/ezutils/classes/../../../var/cache/ini/debug-00745afbc8d2b986924abcd0a4bd3b92.php]
[ Feb 05 2013 13:22:39 ] [/var/www/html/ezpublish5/ezpublish_legacy/lib/ezutils/classes/../../../var/cache/ini/eng-GB-16b817e4159fe19727684d36c5e0fe95.php]
[ Feb 05 2013 13:22:39 ] [/var/www/html/ezpublish5/ezpublish_legacy/lib/ezutils/classes/../../../var/cache/ini/file-0f416bfdf2d83e119b68591687d2a4cd.php]
[ Feb 05 2013 13:22:39 ] [/var/www/html/ezpublish5/ezpublish_legacy/lib/ezutils/classes/../../../var/cache/ini/workflow-06314b2dcf8246406bbbdc56fc50f88d.php]
[ Feb 05 2013 13:23:07 ] [/var/www/html/ezpublish5/ezpublish_legacy/lib/ezutils/classes/../../../var/cache/ini/site-306a1b4b20b163ed0844376b01fa1587.php]
[ Feb 05 2013 13:23:07 ] [/var/www/html/ezpublish5/ezpublish_legacy/lib/ezutils/classes/../../../var/cache/ini/template-4486d6c26ece85e8607a86689f42a3bc.php]
[ Feb 05 2013 13:23:07 ] [/var/www/html/ezpublish5/ezpublish_legacy/lib/ezutils/classes/../../../var/cache/ini/module-0d1df73b37ee2b8cfa6cdcf7a5c44b5e.php]
[ Feb 05 2013 13:23:07 ] [/var/www/html/ezpublish5/ezpublish_legacy/lib/ezutils/classes/../../../var/cache/ini/file-73b388504a5c9fcf54ce1207a7067f36.php]
[ Feb 05 2013 13:23:07 ] [/var/www/html/ezpublish5/ezpublish_legacy/lib/ezutils/classes/../../../var/cache/ini/debug-7c578cd16f47cc0a60a9a9f78f01b6fb.php]
[ Feb 05 2013 13:23:07 ] [/var/www/html/ezpublish5/ezpublish_legacy/lib/ezutils/classes/../../../var/cache/ini/eng-GB-7ad90c57febb98b2a36337f975acaf6f.php]
[ Feb 05 2013 13:23:07 ] [/var/www/html/ezpublish5/ezpublish_legacy/lib/ezutils/classes/../../../var/cache/ini/content-2760f6eb03c5284d4fc4d3cfe4831a81.php]
[ Feb 05 2013 13:23:07 ] [/var/www/html/ezpublish5/ezpublish_legacy/lib/ezutils/classes/../../../var/cache/ini/workflow-a331969d09cbfae468dcfbb575c1db62.php]
[ Feb 05 2013 13:23:07 ] [/var/www/html/ezpublish5/ezpublish_legacy/lib/ezutils/classes/../../../var/cache/ini/menu-f2c174f38a91beb0e4fced27d030691d.php]
[ Feb 05 2013 13:23:07 ] [/var/www/html/ezpublish5/ezpublish_legacy/lib/ezutils/classes/../../../var/cache/ini/override-a87e1dc176bba1e678d40f21d4cf9d05.php]
[ Feb 05 2013 13:23:07 ] [/var/www/html/ezpublish5/ezpublish_legacy/lib/ezutils/classes/../../../var/cache/ini/design-359b9f1a9e76b9869a129a09148e9fd8.php]
[ Feb 05 2013 13:23:07 ] [var/ezdemo_site/cache/override/override_fb1e048abb804bfb8f636093dd7c95f9.php]
[ Feb 05 2013 13:23:07 ] [/var/www/html/ezpublish5/ezpublish_legacy/lib/ezutils/classes/../../../var/cache/ini/ezjscore-5aea3ca9edf1aa5a71a39a0478e1b688.php]
[ Feb 05 2013 13:23:07 ] [var/ezdemo_site/cache/template/compiled/debug_toolbar-9fbc9d59f21f7f15f0ad20bfd6847b19.php]
[ Feb 05 2013 13:23:07 ] [var/ezdemo_site/cache/template/compiled/clear_cache-f52a23aeea7be3487a17d1af13f3a373.php]
[ Feb 05 2013 13:23:07 ] [var/ezdemo_site/cache/template/compiled/quick_settings-37fe3de2677e1cc4d8ad18ff5ffcfc69.php]
[ Feb 05 2013 13:23:07 ] [/var/www/html/ezpublish5/ezpublish_legacy/lib/ezutils/classes/../../../var/cache/ini/site-7e6004e34e6a794b61a7bcba3537c897.php]
[ Feb 05 2013 13:23:07 ] [/var/www/html/ezpublish5/ezpublish_legacy/lib/ezutils/classes/../../../var/cache/ini/site-9cb0e9631ed265dd09f7291efc783195.php]
[ Feb 05 2013 13:23:08 ] [/var/www/html/ezpublish5/ezpublish_legacy/lib/ezutils/classes/../../../var/cache/ini/ezjscore-8515c24ed69d1e15719839c5d418fc62.php]
[ Feb 05 2013 13:23:08 ] [/var/www/html/ezpublish5/ezpublish_legacy/lib/ezutils/classes/../../../var/cache/ini/image-069859616111990a73a9bc302efdf386.php]
[ Feb 05 2013 13:23:08 ] [/var/www/html/ezpublish5/ezpublish_legacy/lib/ezutils/classes/../../../var/cache/ini/icon-5e013c568b4d6f0fc6007278749c079f.php]
[ Feb 05 2013 13:23:08 ] [/var/www/html/ezpublish5/ezpublish_legacy/lib/ezutils/classes/../../../var/cache/ini/icon-c3c85d0ac54d78fc42aee901b2a9c5c9.php]
